<?xml version="1.0" encoding="UTF-8"?>
<!-- Generated by org.testng.reporters.JUnitReportReporter -->
<testsuite skipped="0" hostname="EIL-IT-3040-31" name="testCases.TestCases" tests="1" failures="0" timestamp="03 Oct 2018 11:40:33 GMT" time="0.004" errors="0">
  <testcase name="LaunchTest" time="0.004" classname="testCases.TestCases"/>
</testsuite> <!-- testCases.TestCases -->
